Sun Oct  6 17:58:24 2024 - ALERT: CPU usage exceeded: 39.0%
Sun Oct  6 17:58:30 2024 - ALERT: CPU usage exceeded: 32.0%
Sun Oct  6 17:58:36 2024 - ALERT: CPU usage exceeded: 26.3%
Sun Oct  6 17:58:42 2024 - ALERT: CPU usage exceeded: 49.1%
Sun Oct  6 17:58:42 2024 - ALERT: Memory usage exceeded: 21.6%
Sun Oct  6 17:58:48 2024 - ALERT: CPU usage exceeded: 28.6%
Sun Oct  6 17:58:48 2024 - ALERT: Memory usage exceeded: 21.7%
Sun Oct  6 17:58:54 2024 - ALERT: Memory usage exceeded: 21.5%
Sun Oct  6 17:59:00 2024 - ALERT: Memory usage exceeded: 21.5%
Sun Oct  6 17:59:06 2024 - ALERT: Memory usage exceeded: 21.6%
Sun Oct  6 17:59:12 2024 - ALERT: Memory usage exceeded: 21.5%
Sun Oct  6 17:59:18 2024 - ALERT: Memory usage exceeded: 21.5%
Sun Oct  6 17:59:24 2024 - ALERT: Memory usage exceeded: 21.5%
Sun Oct  6 17:59:30 2024 - ALERT: Memory usage exceeded: 21.5%
Sun Oct  6 17:59:36 2024 - ALERT: Memory usage exceeded: 21.5%
Sun Oct  6 17:59:42 2024 - ALERT: Memory usage exceeded: 20.5%
Sun Oct  6 17:59:56 2024 - ALERT: Memory usage exceeded: 20.6%
Sun Oct  6 18:00:02 2024 - ALERT: Memory usage exceeded: 20.7%
Sun Oct  6 18:00:08 2024 - ALERT: Memory usage exceeded: 20.6%
Sun Oct  6 18:00:14 2024 - ALERT: Memory usage exceeded: 20.6%
Sun Oct  6 18:00:20 2024 - ALERT: Memory usage exceeded: 20.6%
Sun Oct  6 18:00:26 2024 - ALERT: Memory usage exceeded: 20.6%
Sun Oct  6 18:00:32 2024 - ALERT: Memory usage exceeded: 20.6%
Sun Oct  6 18:00:38 2024 - ALERT: Memory usage exceeded: 20.6%
Sun Oct  6 18:00:44 2024 - ALERT: Memory usage exceeded: 20.6%
Sun Oct  6 18:00:50 2024 - ALERT: Memory usage exceeded: 20.6%
Sun Oct  6 18:00:56 2024 - ALERT: Memory usage exceeded: 20.6%
Sun Oct  6 18:01:02 2024 - ALERT: Memory usage exceeded: 20.6%
Sun Oct  6 18:01:08 2024 - ALERT: Memory usage exceeded: 20.6%
Sun Oct  6 18:01:14 2024 - ALERT: Memory usage exceeded: 20.6%
Sun Oct  6 18:01:20 2024 - ALERT: Memory usage exceeded: 20.6%
Sun Oct  6 18:01:26 2024 - ALERT: Memory usage exceeded: 20.6%
Sun Oct  6 18:01:32 2024 - ALERT: Memory usage exceeded: 20.6%
Sun Oct  6 18:01:38 2024 - ALERT: Memory usage exceeded: 20.6%
Sun Oct  6 18:01:44 2024 - ALERT: Memory usage exceeded: 20.6%
Sun Oct  6 18:01:50 2024 - ALERT: Memory usage exceeded: 20.6%
Sun Oct  6 18:01:56 2024 - ALERT: Memory usage exceeded: 20.6%
Sun Oct  6 18:02:02 2024 - ALERT: Memory usage exceeded: 20.6%
Sun Oct  6 18:02:08 2024 - ALERT: Memory usage exceeded: 20.6%
Sun Oct  6 18:02:14 2024 - ALERT: Memory usage exceeded: 20.6%
Sun Oct  6 18:02:20 2024 - ALERT: Memory usage exceeded: 20.6%
Sun Oct  6 18:02:26 2024 - ALERT: Memory usage exceeded: 20.6%
Sun Oct  6 18:02:32 2024 - ALERT: Memory usage exceeded: 20.6%
Sun Oct  6 18:02:38 2024 - ALERT: Memory usage exceeded: 20.6%
Sun Oct  6 18:02:44 2024 - ALERT: Memory usage exceeded: 20.6%
Sun Oct  6 18:02:50 2024 - ALERT: Memory usage exceeded: 20.6%
Sun Oct  6 18:02:56 2024 - ALERT: Memory usage exceeded: 20.6%
Sun Oct  6 18:03:02 2024 - ALERT: Memory usage exceeded: 20.6%
Sun Oct  6 18:03:08 2024 - ALERT: Memory usage exceeded: 20.7%
Sun Oct  6 18:03:14 2024 - ALERT: Memory usage exceeded: 20.7%
Sun Oct  6 18:03:20 2024 - ALERT: Memory usage exceeded: 20.7%
Sun Oct  6 18:03:26 2024 - ALERT: Memory usage exceeded: 20.7%
2024-10-07 15:01:11,019 - INFO - Added 5 new rules to var/firewall/rules.
Mon Oct  7 15:01:47 2024 - ALERT: CPU usage exceeded: 20.2%
Mon Oct  7 15:02:05 2024 - ALERT: Memory usage exceeded: 20.4%
2024-10-08 17:20:39,346 - ERROR - Error fetching data from AbuseIPDB: HTTPSConnectionPool(host='api.abuseipdb.com', port=443): Max retries exceeded with url: /api/v2/blacklist?confidenceMinimum=100 (Caused by NameResolutionError("<urllib3.connection.HTTPSConnection object at 0x7fed7ad45bb0>: Failed to resolve 'api.abuseipdb.com' ([Errno -3] Temporary failure in name resolution)"))
2024-10-08 17:20:59,695 - ERROR - Error fetching data from AbuseIPDB: HTTPSConnectionPool(host='api.abuseipdb.com', port=443): Max retries exceeded with url: /api/v2/blacklist?confidenceMinimum=100 (Caused by NameResolutionError("<urllib3.connection.HTTPSConnection object at 0x7f858013ff80>: Failed to resolve 'api.abuseipdb.com' ([Errno -3] Temporary failure in name resolution)"))
2024-10-08 17:21:20,755 - ERROR - Error fetching data from AbuseIPDB: HTTPSConnectionPool(host='api.abuseipdb.com', port=443): Max retries exceeded with url: /api/v2/blacklist?confidenceMinimum=100 (Caused by NameResolutionError("<urllib3.connection.HTTPSConnection object at 0x7f53d9466ab0>: Failed to resolve 'api.abuseipdb.com' ([Errno -3] Temporary failure in name resolution)"))
2024-10-08 17:21:28,339 - ERROR - Error fetching data from AbuseIPDB: HTTPSConnectionPool(host='api.abuseipdb.com', port=443): Max retries exceeded with url: /api/v2/blacklist?confidenceMinimum=100 (Caused by NameResolutionError("<urllib3.connection.HTTPSConnection object at 0x7f152fba1c70>: Failed to resolve 'api.abuseipdb.com' ([Errno -3] Temporary failure in name resolution)"))
2024-10-08 17:23:34,294 - ERROR - Error fetching data from AbuseIPDB: HTTPSConnectionPool(host='api.abuseipdb.com', port=443): Max retries exceeded with url: /api/v2/blacklist?confidenceMinimum=100 (Caused by NameResolutionError("<urllib3.connection.HTTPSConnection object at 0x7f4de648fec0>: Failed to resolve 'api.abuseipdb.com' ([Errno -3] Temporary failure in name resolution)"))
Tue Oct  8 17:37:32 2024 - ALERT: CPU usage exceeded: 38.4%
Tue Oct  8 17:39:02 2024 - ALERT: CPU usage exceeded: 68.0%
Tue Oct  8 17:39:09 2024 - ALERT: CPU usage exceeded: 50.5%
Tue Oct  8 17:39:15 2024 - ALERT: CPU usage exceeded: 27.6%
Tue Oct  8 17:40:03 2024 - ALERT: CPU usage exceeded: 57.8%
Tue Oct  8 17:40:09 2024 - ALERT: CPU usage exceeded: 32.7%
Tue Oct  8 17:40:45 2024 - ALERT: CPU usage exceeded: 60.1%
Tue Oct  8 17:40:51 2024 - ALERT: CPU usage exceeded: 61.8%
Tue Oct  8 17:40:57 2024 - ALERT: CPU usage exceeded: 56.9%
Tue Oct  8 17:41:03 2024 - ALERT: CPU usage exceeded: 62.8%
Tue Oct  8 17:41:18 2024 - ALERT: CPU usage exceeded: 59.2%
2024-10-08 17:41:19,052 - INFO - Added 5 new rules to var/firewall/rules.
Tue Oct  8 17:41:24 2024 - ALERT: CPU usage exceeded: 65.2%
Tue Oct  8 17:41:31 2024 - ALERT: CPU usage exceeded: 68.2%
Tue Oct  8 17:41:37 2024 - ALERT: CPU usage exceeded: 58.7%
Tue Oct  8 17:41:43 2024 - ALERT: CPU usage exceeded: 59.8%
Tue Oct  8 17:41:49 2024 - ALERT: CPU usage exceeded: 59.2%
Tue Oct  8 17:41:55 2024 - ALERT: CPU usage exceeded: 57.3%
Tue Oct  8 17:42:07 2024 - ALERT: CPU usage exceeded: 60.3%
Tue Oct  8 17:42:13 2024 - ALERT: CPU usage exceeded: 77.2%
Tue Oct  8 17:42:19 2024 - ALERT: CPU usage exceeded: 46.0%
Tue Oct  8 17:42:25 2024 - ALERT: CPU usage exceeded: 76.4%
Tue Oct  8 17:42:32 2024 - ALERT: CPU usage exceeded: 79.0%
Tue Oct  8 17:42:38 2024 - ALERT: CPU usage exceeded: 66.3%
Tue Oct  8 17:43:02 2024 - ALERT: CPU usage exceeded: 31.0%
Tue Oct  8 17:43:14 2024 - ALERT: CPU usage exceeded: 24.3%
Tue Oct  8 17:43:50 2024 - ALERT: CPU usage exceeded: 40.5%
Tue Oct  8 21:41:32 2024 - ALERT: Memory usage exceeded: 24.7%
Tue Oct  8 21:41:38 2024 - ALERT: Memory usage exceeded: 24.6%
Tue Oct  8 21:41:44 2024 - ALERT: Memory usage exceeded: 24.6%
Tue Oct  8 21:41:50 2024 - ALERT: Memory usage exceeded: 24.6%
Tue Oct  8 21:41:56 2024 - ALERT: Memory usage exceeded: 24.7%
Tue Oct  8 21:42:02 2024 - ALERT: Memory usage exceeded: 24.8%
Tue Oct  8 21:42:08 2024 - ALERT: Memory usage exceeded: 24.8%
Tue Oct  8 21:42:14 2024 - ALERT: Memory usage exceeded: 24.7%
Tue Oct  8 21:42:20 2024 - ALERT: Memory usage exceeded: 24.7%
Tue Oct  8 21:42:26 2024 - ALERT: Memory usage exceeded: 24.6%
Tue Oct  8 21:42:32 2024 - ALERT: Memory usage exceeded: 24.7%
Tue Oct  8 21:42:38 2024 - ALERT: Memory usage exceeded: 24.6%
Tue Oct  8 21:42:44 2024 - ALERT: Memory usage exceeded: 24.7%
Tue Oct  8 21:42:50 2024 - ALERT: Memory usage exceeded: 24.8%
Tue Oct  8 21:42:56 2024 - ALERT: Memory usage exceeded: 24.8%
Tue Oct  8 21:43:02 2024 - ALERT: Memory usage exceeded: 24.7%
Tue Oct  8 21:43:08 2024 - ALERT: Memory usage exceeded: 24.7%
Tue Oct  8 21:43:14 2024 - ALERT: Memory usage exceeded: 24.7%
Tue Oct  8 21:43:20 2024 - ALERT: Memory usage exceeded: 24.7%
Tue Oct  8 21:43:26 2024 - ALERT: Memory usage exceeded: 24.7%
Tue Oct  8 21:43:32 2024 - ALERT: Memory usage exceeded: 24.7%
Tue Oct  8 21:43:38 2024 - ALERT: Memory usage exceeded: 24.9%
Tue Oct  8 21:43:44 2024 - ALERT: Memory usage exceeded: 24.8%
Tue Oct  8 21:43:50 2024 - ALERT: Memory usage exceeded: 24.9%
Tue Oct  8 21:43:56 2024 - ALERT: Memory usage exceeded: 24.7%
Tue Oct  8 21:44:02 2024 - ALERT: Memory usage exceeded: 24.7%
Tue Oct  8 21:44:08 2024 - ALERT: Memory usage exceeded: 24.7%
Tue Oct  8 21:44:14 2024 - ALERT: CPU usage exceeded: 21.7%
Tue Oct  8 21:44:14 2024 - ALERT: Memory usage exceeded: 25.4%
Tue Oct  8 21:44:20 2024 - ALERT: Memory usage exceeded: 25.8%
Tue Oct  8 21:44:26 2024 - ALERT: Memory usage exceeded: 25.5%
Tue Oct  8 21:44:32 2024 - ALERT: Memory usage exceeded: 25.3%
Tue Oct  8 21:44:38 2024 - ALERT: Memory usage exceeded: 25.3%
Tue Oct  8 21:44:44 2024 - ALERT: Memory usage exceeded: 25.3%
Tue Oct  8 21:44:50 2024 - ALERT: Memory usage exceeded: 25.2%
Tue Oct  8 21:44:56 2024 - ALERT: Memory usage exceeded: 25.0%
Tue Oct  8 21:45:02 2024 - ALERT: Memory usage exceeded: 25.0%
Tue Oct  8 21:45:08 2024 - ALERT: Memory usage exceeded: 25.1%
Tue Oct  8 21:45:14 2024 - ALERT: Memory usage exceeded: 25.0%
Tue Oct  8 21:45:20 2024 - ALERT: Memory usage exceeded: 25.0%
Tue Oct  8 21:45:26 2024 - ALERT: Memory usage exceeded: 24.9%
Tue Oct  8 21:45:32 2024 - ALERT: Memory usage exceeded: 24.9%
Tue Oct  8 21:45:38 2024 - ALERT: Memory usage exceeded: 24.9%
Tue Oct  8 21:45:44 2024 - ALERT: Memory usage exceeded: 24.9%
Tue Oct  8 21:45:50 2024 - ALERT: Memory usage exceeded: 24.9%
Tue Oct  8 21:45:56 2024 - ALERT: Memory usage exceeded: 24.9%
Tue Oct  8 21:46:02 2024 - ALERT: Memory usage exceeded: 24.9%
Tue Oct  8 21:46:08 2024 - ALERT: Memory usage exceeded: 24.9%
Tue Oct  8 21:46:14 2024 - ALERT: Memory usage exceeded: 24.9%
Tue Oct  8 21:46:20 2024 - ALERT: Memory usage exceeded: 24.9%
Tue Oct  8 21:46:26 2024 - ALERT: Memory usage exceeded: 24.9%
Tue Oct  8 21:46:32 2024 - ALERT: Memory usage exceeded: 24.9%
Tue Oct  8 21:46:38 2024 - ALERT: Memory usage exceeded: 24.9%
Tue Oct  8 21:46:44 2024 - ALERT: Memory usage exceeded: 24.9%
Tue Oct  8 21:46:50 2024 - ALERT: Memory usage exceeded: 24.9%
Tue Oct  8 21:46:56 2024 - ALERT: Memory usage exceeded: 24.9%
Tue Oct  8 21:47:02 2024 - ALERT: Memory usage exceeded: 25.0%
Tue Oct  8 21:47:08 2024 - ALERT: Memory usage exceeded: 25.0%
Tue Oct  8 21:47:14 2024 - ALERT: Memory usage exceeded: 25.0%
Tue Oct  8 21:47:20 2024 - ALERT: Memory usage exceeded: 25.0%
Tue Oct  8 22:21:12 2024 - ALERT: Memory usage exceeded: 20.2%
Tue Oct  8 22:21:20 2024 - ALERT: Memory usage exceeded: 20.3%
Sun Oct 13 19:56:48 2024 - ALERT: Memory usage exceeded: 25.3%
2024-10-13 19:56:54,058 - INFO - Added 5 new rules to var/firewall/rules.
Sun Oct 13 19:56:54 2024 - ALERT: Memory usage exceeded: 25.4%
Sun Oct 13 19:57:00 2024 - ALERT: Memory usage exceeded: 25.4%
Sun Oct 13 19:57:06 2024 - ALERT: Memory usage exceeded: 25.5%
Sun Oct 13 19:57:12 2024 - ALERT: Memory usage exceeded: 25.5%
Sun Oct 13 19:57:18 2024 - ALERT: Memory usage exceeded: 25.5%
Sun Oct 13 19:57:25 2024 - ALERT: Memory usage exceeded: 25.5%
Sun Oct 13 19:57:31 2024 - ALERT: Memory usage exceeded: 25.5%
Sun Oct 13 19:57:37 2024 - ALERT: Memory usage exceeded: 25.5%
Sun Oct 13 19:57:43 2024 - ALERT: Memory usage exceeded: 25.4%
Sun Oct 13 19:57:49 2024 - ALERT: Memory usage exceeded: 25.4%
Sun Oct 13 19:57:55 2024 - ALERT: Memory usage exceeded: 25.3%
Sun Oct 13 19:58:01 2024 - ALERT: Memory usage exceeded: 25.2%
Sun Oct 13 19:58:07 2024 - ALERT: Memory usage exceeded: 25.2%
Sun Oct 13 19:58:13 2024 - ALERT: Memory usage exceeded: 25.2%
Sun Oct 13 19:58:19 2024 - ALERT: Memory usage exceeded: 25.2%
Sun Oct 13 19:58:25 2024 - ALERT: Memory usage exceeded: 25.2%
Sun Oct 13 19:58:31 2024 - ALERT: Memory usage exceeded: 25.2%
Sun Oct 13 19:58:37 2024 - ALERT: Memory usage exceeded: 25.3%
Sun Oct 13 19:58:43 2024 - ALERT: Memory usage exceeded: 25.3%
Sun Oct 13 19:58:49 2024 - ALERT: Memory usage exceeded: 25.3%
Sun Oct 13 19:58:55 2024 - ALERT: Memory usage exceeded: 25.4%
Sun Oct 13 19:59:01 2024 - ALERT: Memory usage exceeded: 25.4%
Sun Oct 13 19:59:07 2024 - ALERT: CPU usage exceeded: 37.3%
Sun Oct 13 19:59:07 2024 - ALERT: Memory usage exceeded: 25.6%
Sun Oct 13 19:59:13 2024 - ALERT: CPU usage exceeded: 21.3%
Sun Oct 13 19:59:13 2024 - ALERT: Memory usage exceeded: 25.7%
Sun Oct 13 19:59:19 2024 - ALERT: Memory usage exceeded: 25.9%
Sun Oct 13 19:59:25 2024 - ALERT: Memory usage exceeded: 26.1%
Sun Oct 13 19:59:31 2024 - ALERT: Memory usage exceeded: 25.8%
Sun Oct 13 19:59:37 2024 - ALERT: Memory usage exceeded: 26.0%
Sun Oct 13 19:59:43 2024 - ALERT: Memory usage exceeded: 25.9%
Sun Oct 13 19:59:49 2024 - ALERT: Memory usage exceeded: 25.8%
Sun Oct 13 19:59:55 2024 - ALERT: Memory usage exceeded: 26.0%
Sun Oct 13 20:00:01 2024 - ALERT: Memory usage exceeded: 26.1%
Sun Oct 13 20:00:28 2024 - ALERT: Memory usage exceeded: 25.7%
Sun Oct 13 20:01:53 2024 - ALERT: Memory usage exceeded: 25.9%
Sun Oct 13 20:01:59 2024 - ALERT: Memory usage exceeded: 26.1%
Sun Oct 13 20:02:05 2024 - ALERT: Memory usage exceeded: 26.1%
